<?xml version="1.0" encoding="UTF-8"?>
<!-- Generated by org.testng.reporters.JUnitReportReporter -->
<testsuite hostname="LAPTOP-3U631M2J" failures="0" tests="1" name="newTest.sumValidation" time="2.249" errors="0" timestamp="2023-02-19T18:15:01 IST" skipped="0">
  <testcase classname="newTest.sumValidation" name="sumOfValidation" time="2.249"/>
  <system-out/>
</testsuite> <!-- newTest.sumValidation -->
