<?xml version="1.0" encoding="UTF-8"?>
<!-- Generated by org.testng.reporters.JUnitReportReporter -->
<testsuite hostname="LAPTOP-3U631M2J" failures="0" tests="3" name="newTest.Library" time="2.994" errors="0" timestamp="2023-02-19T21:53:27 IST" skipped="0">
  <testcase classname="newTest.Library" name="addBook" time="1.706"/>
  <system-out/>
  <testcase classname="newTest.Library" name="addBook" time="0.148"/>
  <system-out/>
  <testcase classname="newTest.Library" name="addBook" time="1.140"/>
  <system-out/>
</testsuite> <!-- newTest.Library -->
